Compiling the CXX compiler identification source file "CMakeCXXCompilerId.cpp" failed.
Compiler: CMAKE_CXX_COMPILER-NOTFOUND 
Build flags: 
Id flags:  

The output was:
No such file or directory


Compiling the CXX compiler identification source file "CMakeCXXCompilerId.cpp" failed.
Compiler: CMAKE_CXX_COMPILER-NOTFOUND 
Build flags: 
Id flags: -c 

The output was:
No such file or directory


Compiling the CXX compiler identification source file "CMakeCXXCompilerId.cpp" failed.
Compiler: CMAKE_CXX_COMPILER-NOTFOUND 
Build flags: 
Id flags: --c++ 

The output was:
No such file or directory


Compiling the CXX compiler identification source file "CMakeCXXCompilerId.cpp" failed.
Compiler: CMAKE_CXX_COMPILER-NOTFOUND 
Build flags: 
Id flags: --ec++ 

The output was:
No such file or directory


Compiling the CXX compiler identification source file "CMakeCXXCompilerId.cpp" failed.
Compiler: CMAKE_CXX_COMPILER-NOTFOUND 
Build flags: 
Id flags:  

The output was:
No such file or directory


Compiling the CXX compiler identification source file "CMakeCXXCompilerId.cpp" failed.
Compiler: CMAKE_CXX_COMPILER-NOTFOUND 
Build flags: 
Id flags: -c 

The output was:
No such file or directory


Compiling the CXX compiler identification source file "CMakeCXXCompilerId.cpp" failed.
Compiler: CMAKE_CXX_COMPILER-NOTFOUND 
Build flags: 
Id flags: --c++ 

The output was:
No such file or directory


Compiling the CXX compiler identification source file "CMakeCXXCompilerId.cpp" failed.
Compiler: CMAKE_CXX_COMPILER-NOTFOUND 
Build flags: 
Id flags: --ec++ 

The output was:
No such file or directory


Determining if the pthread_create exist failed with the following output:
Change Dir: /home/nlh/vsomeip-3.1.20.3/build/CMakeFiles/CMakeTmp

Run Build Command:"/usr/bin/make" "cmTC_5b424/fast"
/usr/bin/make -f CMakeFiles/cmTC_5b424.dir/build.make CMakeFiles/cmTC_5b424.dir/build
make[1]: Entering directory '/home/nlh/vsomeip-3.1.20.3/build/CMakeFiles/CMakeTmp'
Building C object CMakeFiles/cmTC_5b424.dir/CheckSymbolExists.c.o
/usr/bin/cc    -o CMakeFiles/cmTC_5b424.dir/CheckSymbolExists.c.o   -c /home/nlh/vsomeip-3.1.20.3/build/CMakeFiles/CMakeTmp/CheckSymbolExists.c
Linking C executable cmTC_5b424
/usr/bin/cmake -E cmake_link_script CMakeFiles/cmTC_5b424.dir/link.txt --verbose=1
/usr/bin/cc      -rdynamic CMakeFiles/cmTC_5b424.dir/CheckSymbolExists.c.o  -o cmTC_5b424 
CMakeFiles/cmTC_5b424.dir/CheckSymbolExists.c.o: In function `main':
CheckSymbolExists.c:(.text+0x1b): undefined reference to `pthread_create'
collect2: error: ld returned 1 exit status
CMakeFiles/cmTC_5b424.dir/build.make:97: recipe for target 'cmTC_5b424' failed
make[1]: *** [cmTC_5b424] Error 1
make[1]: Leaving directory '/home/nlh/vsomeip-3.1.20.3/build/CMakeFiles/CMakeTmp'
Makefile:126: recipe for target 'cmTC_5b424/fast' failed
make: *** [cmTC_5b424/fast] Error 2

File /home/nlh/vsomeip-3.1.20.3/build/CMakeFiles/CMakeTmp/CheckSymbolExists.c:
/* */
#include <pthread.h>

int main(int argc, char** argv)
{
  (void)argv;
#ifndef pthread_create
  return ((int*)(&pthread_create))[argc];
#else
  (void)argc;
  return 0;
#endif
}

Determining if the function pthread_create exists in the pthreads failed with the following output:
Change Dir: /home/nlh/vsomeip-3.1.20.3/build/CMakeFiles/CMakeTmp

Run Build Command:"/usr/bin/make" "cmTC_cd341/fast"
/usr/bin/make -f CMakeFiles/cmTC_cd341.dir/build.make CMakeFiles/cmTC_cd341.dir/build
make[1]: Entering directory '/home/nlh/vsomeip-3.1.20.3/build/CMakeFiles/CMakeTmp'
Building C object CMakeFiles/cmTC_cd341.dir/CheckFunctionExists.c.o
/usr/bin/cc   -DCHECK_FUNCTION_EXISTS=pthread_create   -o CMakeFiles/cmTC_cd341.dir/CheckFunctionExists.c.o   -c /usr/share/cmake-3.10/Modules/CheckFunctionExists.c
Linking C executable cmTC_cd341
/usr/bin/cmake -E cmake_link_script CMakeFiles/cmTC_cd341.dir/link.txt --verbose=1
/usr/bin/cc  -DCHECK_FUNCTION_EXISTS=pthread_create    -rdynamic CMakeFiles/cmTC_cd341.dir/CheckFunctionExists.c.o  -o cmTC_cd341 -lpthreads 
/usr/bin/ld: cannot find -lpthreads
collect2: error: ld returned 1 exit status
CMakeFiles/cmTC_cd341.dir/build.make:97: recipe for target 'cmTC_cd341' failed
make[1]: *** [cmTC_cd341] Error 1
make[1]: Leaving directory '/home/nlh/vsomeip-3.1.20.3/build/CMakeFiles/CMakeTmp'
Makefile:126: recipe for target 'cmTC_cd341/fast' failed
make: *** [cmTC_cd341/fast] Error 2


Performing C SOURCE FILE Test CMAKE_HAVE_LIBC_PTHREAD failed with the following output:
Change Dir: /home/nlh/vsomeip-3.1.20.3/build/CMakeFiles/CMakeTmp

Run Build Command(s):/usr/bin/make -f Makefile cmTC_10451/fast && /usr/bin/make  -f CMakeFiles/cmTC_10451.dir/build.make CMakeFiles/cmTC_10451.dir/build
make[1]: Entering directory '/home/nlh/vsomeip-3.1.20.3/build/CMakeFiles/CMakeTmp'
Building C object CMakeFiles/cmTC_10451.dir/src.c.o
/usr/bin/cc -DCMAKE_HAVE_LIBC_PTHREAD   -o CMakeFiles/cmTC_10451.dir/src.c.o -c /home/nlh/vsomeip-3.1.20.3/build/CMakeFiles/CMakeTmp/src.c
Linking C executable cmTC_10451
/usr/bin/cmake -E cmake_link_script CMakeFiles/cmTC_10451.dir/link.txt --verbose=1
/usr/bin/cc -rdynamic CMakeFiles/cmTC_10451.dir/src.c.o -o cmTC_10451 
CMakeFiles/cmTC_10451.dir/src.c.o: In function `main':
src.c:(.text+0x3e): undefined reference to `pthread_create'
src.c:(.text+0x4a): undefined reference to `pthread_detach'
src.c:(.text+0x56): undefined reference to `pthread_cancel'
src.c:(.text+0x67): undefined reference to `pthread_join'
src.c:(.text+0x7b): undefined reference to `pthread_atfork'
collect2: error: ld returned 1 exit status
CMakeFiles/cmTC_10451.dir/build.make:98: recipe for target 'cmTC_10451' failed
make[1]: *** [cmTC_10451] Error 1
make[1]: Leaving directory '/home/nlh/vsomeip-3.1.20.3/build/CMakeFiles/CMakeTmp'
Makefile:127: recipe for target 'cmTC_10451/fast' failed
make: *** [cmTC_10451/fast] Error 2


Source file was:
#include <pthread.h>

static void* test_func(void* data)
{
  return data;
}

int main(void)
{
  pthread_t thread;
  pthread_create(&thread, NULL, test_func, NULL);
  pthread_detach(thread);
  pthread_cancel(thread);
  pthread_join(thread, NULL);
  pthread_atfork(NULL, NULL, NULL);
  pthread_exit(NULL);

  return 0;
}

